<?xml version="1.0" encoding="UTF-8"?>
<!-- Generated by org.testng.reporters.JUnitReportReporter -->
<testsuite hostname="pc63" failures="0" tests="3" name="com.make.time.count.Test.ServiceUser" time="20.328" errors="0" timestamp="2024-02-07T09:46:11 IST" skipped="0">
  <testcase classname="com.make.time.count.Test.ServiceUser" name="LoginPage" time="4.520"/>
  <testcase classname="com.make.time.count.Test.ServiceUser" name="createNewServiceUser" time="8.663"/>
  <testcase classname="com.make.time.count.Test.ServiceUser" name="basicBioInfo" time="7.145"/>
</testsuite> <!-- com.make.time.count.Test.ServiceUser -->
