<?xml version="1.0" encoding="UTF-8"?>
<!-- Generated by org.testng.reporters.JUnitReportReporter -->
<testsuite hostname="pc63" failures="0" tests="11" name="com.maketimecountTest.ServiceUser" time="89.727" errors="0" timestamp="2024-06-24T14:42:19 IST" skipped="1">
  <testcase classname="com.maketimecountTest.ServiceUser" name="loginPage" time="1.436"/>
  <testcase classname="com.maketimecountTest.ServiceUser" name="CreateServiceUser" time="8.002"/>
  <testcase classname="com.maketimecountTest.ServiceUser" name="basicBioInfo" time="14.707"/>
  <testcase classname="com.maketimecountTest.ServiceUser" name="otherBioInfo" time="26.299"/>
  <testcase classname="com.maketimecountTest.ServiceUser" name="RefNumbersVerify" time="6.854"/>
  <testcase classname="com.maketimecountTest.ServiceUser" name="EdTrainingVerify" time="9.579"/>
  <testcase classname="com.maketimecountTest.ServiceUser" name="Accommodation" time="4.783"/>
  <testcase classname="com.maketimecountTest.ServiceUser" name="YOT" time="8.409"/>
  <testcase classname="com.maketimecountTest.ServiceUser" name="Clothing" time="4.357"/>
  <testcase classname="com.maketimecountTest.ServiceUser" name="Information" time="5.301"/>
  <testcase classname="com.maketimecountTest.ServiceUser" name="ManageServiceUser">
    <skipped/>
  </testcase> <!-- ManageServiceUser -->
</testsuite> <!-- com.maketimecountTest.ServiceUser -->
