<?xml version="1.0" encoding="UTF-8"?>
<!-- Generated by org.testng.reporters.JUnitReportReporter -->
<testsuite hostname="pc63" failures="0" tests="11" name="ServiceUser.ServiceUser" time="89.333" errors="0" timestamp="2024-07-02T11:20:10 IST" skipped="1">
  <testcase classname="ServiceUser.ServiceUser" name="loginPage" time="1.440"/>
  <testcase classname="ServiceUser.ServiceUser" name="CreateServiceUser" time="6.858"/>
  <testcase classname="ServiceUser.ServiceUser" name="basicBioInfo" time="14.913"/>
  <testcase classname="ServiceUser.ServiceUser" name="otherBioInfo" time="26.628"/>
  <testcase classname="ServiceUser.ServiceUser" name="RefNumbersVerify" time="6.916"/>
  <testcase classname="ServiceUser.ServiceUser" name="EdTrainingVerify" time="9.518"/>
  <testcase classname="ServiceUser.ServiceUser" name="Accommodation" time="4.969"/>
  <testcase classname="ServiceUser.ServiceUser" name="YOT" time="8.372"/>
  <testcase classname="ServiceUser.ServiceUser" name="Clothing" time="4.423"/>
  <testcase classname="ServiceUser.ServiceUser" name="Information" time="5.296"/>
  <testcase classname="ServiceUser.ServiceUser" name="ManageServiceUser">
    <skipped/>
  </testcase> <!-- ManageServiceUser -->
</testsuite> <!-- ServiceUser.ServiceUser -->
